============================= test session starts ==============================
platform linux -- Python 3.12.3, pytest-9.0.1, pluggy-1.6.0 -- /usr/bin/python3
cachedir: .pytest_cache
rootdir: /home/daniel/www/dqa/data-validation-tool
plugins: cov-7.0.0, asyncio-1.3.0, mock-3.15.1, anyio-4.9.0
asyncio: mode=Mode.STRICT, debug=False, asyncio_default_fixture_loop_scope=None, asyncio_default_test_loop_scope=function
collecting ... collected 554 items

tests/core/test_constants.py::TestFileProcessingConstants::test_chunk_size_bounds PASSED [  0%]
tests/core/test_constants.py::TestFileProcessingConstants::test_chunk_sizes_are_positive PASSED [  0%]
tests/core/test_constants.py::TestFileProcessingConstants::test_default_chunk_size_reasonable PASSED [  0%]
tests/core/test_constants.py::TestSecurityConstants::test_yaml_size_limit PASSED [  0%]
tests/core/test_constants.py::TestSecurityConstants::test_yaml_nesting_depth PASSED [  0%]
tests/core/test_constants.py::TestSecurityConstants::test_yaml_key_count PASSED [  1%]
tests/core/test_constants.py::TestValidationResultConstants::test_max_sample_failures PASSED [  1%]
tests/core/test_constants.py::TestValidationResultConstants::test_max_failures_per_chunk PASSED [  1%]
tests/core/test_constants.py::TestStringProcessingConstants::test_sql_identifier_length PASSED [  1%]
tests/core/test_constants.py::TestStringProcessingConstants::test_max_string_length PASSED [  1%]
tests/core/test_constants.py::TestPerformanceConstants::test_polars_threshold PASSED [  1%]
tests/core/test_constants.py::TestPerformanceConstants::test_type_inference_sample_size PASSED [  2%]
tests/core/test_constants.py::TestPerformanceConstants::test_categorical_threshold PASSED [  2%]
tests/core/test_constants.py::TestProfilerConstants::test_histogram_bins PASSED [  2%]
tests/core/test_constants.py::TestProfilerConstants::test_percentiles PASSED [  2%]
tests/core/test_constants.py::TestProfilerConstants::test_outlier_z_score PASSED [  2%]
tests/core/test_constants.py::TestProfilerConstants::test_outlier_iqr_multiplier PASSED [  3%]
tests/core/test_constants.py::TestProfilerConstants::test_min_sample_size_for_stats PASSED [  3%]
tests/core/test_constants.py::TestProfilerConstants::test_max_pattern_examples PASSED [  3%]
tests/core/test_constants.py::TestFileFormatConstants::test_supported_formats PASSED [  3%]
tests/core/test_constants.py::TestFileFormatConstants::test_default_format PASSED [  3%]
tests/core/test_constants.py::TestFileFormatConstants::test_file_extension_map PASSED [  3%]
tests/core/test_constants.py::TestSeverityConstants::test_valid_severities PASSED [  4%]
tests/core/test_constants.py::TestSeverityConstants::test_default_severity PASSED [  4%]
tests/core/test_constants.py::TestRegexPatterns::test_email_pattern PASSED [  4%]
tests/core/test_constants.py::TestRegexPatterns::test_phone_us_pattern PASSED [  4%]
tests/core/test_constants.py::TestRegexPatterns::test_zip_us_pattern PASSED [  4%]
tests/core/test_constants.py::TestConstantRelationships::test_sample_failure_limits PASSED [  5%]
tests/core/test_constants.py::TestConstantRelationships::test_memory_constants_reasonable PASSED [  5%]
tests/core/test_constants.py::TestConstantRelationships::test_sample_sizes_reasonable PASSED [  5%]
tests/core/test_exceptions.py::TestErrorSeverity::test_severity_values PASSED [  5%]
tests/core/test_exceptions.py::TestDataK9Exception::test_basic_exception PASSED [  5%]
tests/core/test_exceptions.py::TestDataK9Exception::test_exception_with_details PASSED [  5%]
tests/core/test_exceptions.py::TestDataK9Exception::test_exception_with_original PASSED [  6%]
tests/core/test_exceptions.py::TestDataK9Exception::test_exception_serialization PASSED [  6%]
tests/core/test_exceptions.py::TestDataK9Exception::test_exception_serialization_no_original PASSED [  6%]
tests/core/test_exceptions.py::TestConfigErrors::test_config_error_is_fatal PASSED [  6%]
tests/core/test_exceptions.py::TestConfigErrors::test_config_error_with_field PASSED [  6%]
tests/core/test_exceptions.py::TestConfigErrors::test_yaml_size_error PASSED [  7%]
tests/core/test_exceptions.py::TestConfigErrors::test_config_validation_error PASSED [  7%]
tests/core/test_exceptions.py::TestDataLoadErrors::test_data_load_error_is_critical PASSED [  7%]
tests/core/test_exceptions.py::TestDataLoadErrors::test_data_load_error_with_line_number PASSED [  7%]
tests/core/test_exceptions.py::TestDataLoadErrors::test_data_load_error_with_original PASSED [  7%]
tests/core/test_exceptions.py::TestDataLoadErrors::test_file_not_found_error PASSED [  7%]
tests/core/test_exceptions.py::TestDataLoadErrors::test_unsupported_format_error PASSED [  8%]
tests/core/test_exceptions.py::TestValidationExecutionErrors::test_validation_error_recoverable PASSED [  8%]
tests/core/test_exceptions.py::TestValidationExecutionErrors::test_validation_error_critical PASSED [  8%]
tests/core/test_exceptions.py::TestValidationExecutionErrors::test_parameter_validation_error PASSED [  8%]
tests/core/test_exceptions.py::TestValidationExecutionErrors::test_column_not_found_error PASSED [  8%]
tests/core/test_exceptions.py::TestOtherErrors::test_database_error PASSED [  9%]
tests/core/test_exceptions.py::TestOtherErrors::test_profiler_error PASSED [  9%]
tests/core/test_exceptions.py::TestOtherErrors::test_reporter_error PASSED [  9%]
tests/core/test_exceptions.py::TestExceptionInheritance::test_all_inherit_from_base PASSED [  9%]
tests/core/test_exceptions.py::TestExceptionInheritance::test_config_errors_inherit PASSED [  9%]
tests/core/test_exceptions.py::TestExceptionInheritance::test_validation_errors_inherit PASSED [  9%]
tests/test_advanced_validations.py::TestStatisticalOutlierCheck::test_outlier_detection_zscore_method PASSED [ 10%]
tests/test_advanced_validations.py::TestStatisticalOutlierCheck::test_outlier_detection_iqr_method PASSED [ 10%]
tests/test_advanced_validations.py::TestStatisticalOutlierCheck::test_outlier_with_no_outliers FAILED [ 10%]
tests/test_advanced_validations.py::TestCrossFieldComparisonCheck::test_cross_field_greater_than PASSED [ 10%]
tests/test_advanced_validations.py::TestCrossFieldComparisonCheck::test_cross_field_comparison_failure PASSED [ 10%]
tests/test_advanced_validations.py::TestCrossFieldComparisonCheck::test_cross_field_equality PASSED [ 11%]
tests/test_advanced_validations.py::TestFreshnessCheck::test_freshness_check_recent_data PASSED [ 11%]
tests/test_advanced_validations.py::TestFreshnessCheck::test_freshness_check_stale_data PASSED [ 11%]
tests/test_advanced_validations.py::TestCompletenessCheck::test_completeness_100_percent PASSED [ 11%]
tests/test_advanced_validations.py::TestCompletenessCheck::test_completeness_below_threshold PASSED [ 11%]
tests/test_advanced_validations.py::TestCompletenessCheck::test_completeness_threshold_met PASSED [ 11%]
tests/test_advanced_validations.py::TestStringLengthCheck::test_string_length_within_range PASSED [ 12%]
tests/test_advanced_validations.py::TestStringLengthCheck::test_string_too_long PASSED [ 12%]
tests/test_advanced_validations.py::TestStringLengthCheck::test_string_too_short PASSED [ 12%]
tests/test_advanced_validations.py::TestNumericPrecisionCheck::test_numeric_precision_within_limits PASSED [ 12%]
tests/test_advanced_validations.py::TestNumericPrecisionCheck::test_numeric_precision_exceeded PASSED [ 12%]
tests/test_advanced_validations.py::TestDistributionCheck::test_normal_distribution_check PASSED [ 12%]
tests/test_advanced_validations.py::TestDistributionCheck::test_uniform_distribution_check PASSED [ 13%]
tests/test_advanced_validations.py::TestCorrelationCheck::test_strong_positive_correlation PASSED [ 13%]
tests/test_advanced_validations.py::TestCorrelationCheck::test_no_correlation PASSED [ 13%]
tests/test_advanced_validations.py::TestBaselineComparisonCheck::test_baseline_comparison_within_threshold PASSED [ 13%]
tests/test_advanced_validations.py::TestBaselineComparisonCheck::test_baseline_comparison_exceeds_threshold PASSED [ 13%]
tests/test_advanced_validations.py::TestFileSizeCheck::test_file_size_within_range PASSED [ 14%]
tests/test_advanced_validations.py::TestFileSizeCheck::test_file_too_small PASSED [ 14%]
tests/test_advanced_validations.py::TestColumnPresenceCheck::test_required_columns_present PASSED [ 14%]
tests/test_advanced_validations.py::TestColumnPresenceCheck::test_missing_required_columns PASSED [ 14%]
tests/test_advanced_validations.py::TestBlankRecordCheck::test_no_blank_records PASSED [ 14%]
tests/test_advanced_validations.py::TestBlankRecordCheck::test_detect_blank_records PASSED [ 14%]
tests/test_advanced_validations.py::TestUniqueKeyCheck::test_unique_keys PASSED [ 15%]
tests/test_advanced_validations.py::TestUniqueKeyCheck::test_duplicate_keys_detected PASSED [ 15%]
tests/test_advanced_validations.py::TestUniqueKeyCheck::test_composite_key_uniqueness PASSED [ 15%]
tests/test_async_engine.py::TestAsyncCSVLoader::test_async_csv_loader_initialization PASSED [ 15%]
tests/test_async_engine.py::TestAsyncCSVLoader::test_async_csv_loader_loads_data PASSED [ 15%]
tests/test_async_engine.py::TestAsyncCSVLoader::test_async_csv_loader_chunking PASSED [ 16%]
tests/test_async_engine.py::TestAsyncCSVLoader::test_async_csv_loader_metadata PASSED [ 16%]
tests/test_async_engine.py::TestAsyncJSONLoader::test_async_json_loader_loads_array PASSED [ 16%]
tests/test_async_engine.py::TestAsyncJSONLoader::test_async_json_loader_metadata PASSED [ 16%]
tests/test_async_engine.py::TestAsyncLoaderFactory::test_create_async_csv_loader PASSED [ 16%]
tests/test_async_engine.py::TestAsyncLoaderFactory::test_create_async_json_loader PASSED [ 16%]
tests/test_async_engine.py::TestAsyncLoaderFactory::test_auto_detect_format PASSED [ 17%]
tests/test_async_engine.py::TestAsyncLoaderFactory::test_unsupported_format_raises_error PASSED [ 17%]
tests/test_async_engine.py::TestAsyncValidationEngine::test_async_engine_initialization PASSED [ 17%]
tests/test_async_engine.py::TestAsyncValidationEngine::test_async_engine_from_config PASSED [ 17%]
tests/test_async_engine.py::TestAsyncValidationEngine::test_async_engine_single_file_validation PASSED [ 17%]
tests/test_async_engine.py::TestAsyncValidationEngine::test_async_engine_multiple_files_parallel PASSED [ 18%]
tests/test_async_engine.py::TestAsyncValidationEngine::test_async_engine_error_handling PASSED [ 18%]
tests/test_async_engine.py::TestAsyncValidationEngine::test_async_engine_generates_reports PASSED [ 18%]
tests/test_async_engine.py::TestAsyncPerformance::test_async_faster_than_sync_multiple_files PASSED [ 18%]
tests/test_async_engine.py::TestAsyncPerformance::test_async_concurrent_file_processing PASSED [ 18%]
tests/test_async_engine.py::TestAsyncEdgeCases::test_async_empty_file_list PASSED [ 18%]
tests/test_async_engine.py::TestAsyncEdgeCases::test_async_file_with_no_validations PASSED [ 19%]
tests/test_async_engine.py::TestAsyncEdgeCases::test_async_mixed_success_and_failure PASSED [ 19%]
tests/test_async_engine.py::TestAsyncEdgeCases::test_async_cancellation_handling FAILED [ 19%]
tests/test_cli.py::TestCLIGroup::test_cli_help PASSED                    [ 19%]
tests/test_cli.py::TestCLIGroup::test_cli_version PASSED                 [ 19%]
tests/test_cli.py::TestValidateCommand::test_validate_basic_success PASSED [ 20%]
tests/test_cli.py::TestValidateCommand::test_validate_with_html_output PASSED [ 20%]
tests/test_cli.py::TestValidateCommand::test_validate_with_json_output PASSED [ 20%]
tests/test_cli.py::TestValidateCommand::test_validate_with_both_outputs PASSED [ 20%]
tests/test_cli.py::TestValidateCommand::test_validate_quiet_mode FAILED  [ 20%]
tests/test_cli.py::TestValidateCommand::test_validate_verbose_mode PASSED [ 20%]
tests/test_cli.py::TestValidateCommand::test_validate_with_log_level_debug PASSED [ 21%]
tests/test_cli.py::TestValidateCommand::test_validate_with_log_file PASSED [ 21%]
tests/test_cli.py::TestValidateCommand::test_validate_nonexistent_config PASSED [ 21%]
tests/test_cli.py::TestValidateCommand::test_validate_with_errors_fail_on_error PASSED [ 21%]
tests/test_cli.py::TestValidateCommand::test_validate_with_warnings_fail_on_warning PASSED [ 21%]
tests/test_cli.py::TestValidateCommand::test_validate_help PASSED        [ 22%]
tests/test_cli.py::TestListValidationsCommand::test_list_all_validations PASSED [ 22%]
tests/test_cli.py::TestListValidationsCommand::test_list_validations_with_category_all PASSED [ 22%]
tests/test_cli.py::TestListValidationsCommand::test_list_validations_help PASSED [ 22%]
tests/test_cli.py::TestInitConfigCommand::test_init_config_default_path PASSED [ 22%]
tests/test_cli.py::TestInitConfigCommand::test_init_config_overwrites_existing PASSED [ 22%]
tests/test_cli.py::TestInitConfigCommand::test_init_config_help PASSED   [ 23%]
tests/test_cli.py::TestProfileCommand::test_profile_csv_file PASSED      [ 23%]
tests/test_cli.py::TestProfileCommand::test_profile_with_format_specified PASSED [ 23%]
tests/test_cli.py::TestProfileCommand::test_profile_with_json_output PASSED [ 23%]
tests/test_cli.py::TestProfileCommand::test_profile_with_config_generation PASSED [ 23%]
tests/test_cli.py::TestProfileCommand::test_profile_with_chunk_size PASSED [ 24%]
tests/test_cli.py::TestProfileCommand::test_profile_nonexistent_file PASSED [ 24%]
tests/test_cli.py::TestProfileCommand::test_profile_help PASSED          [ 24%]
tests/test_cli.py::TestCLIExitCodes::test_exit_code_0_on_success PASSED  [ 24%]
tests/test_cli.py::TestCLIExitCodes::test_exit_code_1_on_validation_errors PASSED [ 24%]
tests/test_cli.py::TestCLIExitCodes::test_exit_code_2_on_missing_file PASSED [ 24%]
tests/test_cli.py::TestCLIErrorHandling::test_invalid_yaml_config PASSED [ 25%]
tests/test_cli.py::TestCLIErrorHandling::test_malformed_config_structure PASSED [ 25%]
tests/test_cli.py::TestCLIErrorHandling::test_verbose_error_traceback PASSED [ 25%]
tests/test_cli.py::TestCLIIntegration::test_full_workflow_validate_and_reports FAILED [ 25%]
tests/test_cli.py::TestCLIIntegration::test_cli_with_multiple_validations PASSED [ 25%]
tests/test_comprehensive_regression.py::TestComprehensiveRegression::test_regression_data_exists PASSED [ 25%]
tests/test_comprehensive_regression.py::TestComprehensiveRegression::test_regression_config_exists PASSED [ 26%]
tests/test_comprehensive_regression.py::TestComprehensiveRegression::test_regression_data_structure PASSED [ 26%]
tests/test_comprehensive_regression.py::TestComprehensiveRegression::test_regression_data_quality_issues PASSED [ 26%]
tests/test_comprehensive_regression.py::TestComprehensiveRegression::test_config_yaml_structure PASSED [ 26%]
tests/test_comprehensive_regression.py::TestComprehensiveRegression::test_validation_types_coverage PASSED [ 26%]
tests/test_conditional_validations.py::TestInlineConditions::test_mandatory_field_with_condition_matches PASSED [ 27%]
tests/test_conditional_validations.py::TestInlineConditions::test_mandatory_field_with_condition_no_matches PASSED [ 27%]
tests/test_conditional_validations.py::TestInlineConditions::test_range_check_with_and_condition PASSED [ 27%]
tests/test_conditional_validations.py::TestInlineConditions::test_condition_with_no_condition_specified PASSED [ 27%]
tests/test_conditional_validations.py::TestConditionalValidation::test_conditional_then_only PASSED [ 27%]
tests/test_conditional_validations.py::TestConditionalValidation::test_conditional_then_else PASSED [ 27%]
tests/test_conditional_validations.py::TestConditionalValidation::test_conditional_multiple_then_validations PASSED [ 28%]
tests/test_conditional_validations.py::TestConditionalValidation::test_conditional_no_rows_match PASSED [ 28%]
tests/test_conditional_validations.py::TestConditionalValidation::test_conditional_missing_condition_param PASSED [ 28%]
tests/test_conditional_validations.py::TestConditionalValidation::test_conditional_missing_then_validate PASSED [ 28%]
tests/test_conditional_validations.py::TestConditionalValidation::test_conditional_nested_conditions PASSED [ 28%]
tests/test_conditional_validations.py::TestConditionSyntax::test_and_syntax_conversion PASSED [ 29%]
tests/test_conditional_validations.py::TestConditionSyntax::test_or_syntax_conversion PASSED [ 29%]
tests/test_conditional_validations.py::TestConditionalValidationEndToEnd::test_conditional_validation_in_config PASSED [ 29%]
tests/test_config.py::TestValidationConfigInit::test_init_with_valid_config PASSED [ 29%]
tests/test_config.py::TestValidationConfigInit::test_init_with_minimal_config PASSED [ 29%]
tests/test_config.py::TestValidationConfigInit::test_init_missing_validation_job_raises_error PASSED [ 29%]
tests/test_config.py::TestValidationConfigInit::test_init_missing_files_raises_error PASSED [ 30%]
tests/test_config.py::TestValidationConfigInit::test_init_empty_files_list_raises_error PASSED [ 30%]
tests/test_config.py::TestValidationConfigFromYAML::test_from_yaml_with_valid_file PASSED [ 30%]
tests/test_config.py::TestValidationConfigFromYAML::test_from_yaml_with_nonexistent_file_raises_error PASSED [ 30%]
tests/test_config.py::TestFilesParsing::test_parse_file_with_all_options PASSED [ 30%]
tests/test_config.py::TestFilesParsing::test_parse_file_without_name_generates_default PASSED [ 31%]
tests/test_config.py::TestFilesParsing::test_parse_file_missing_path_raises_error PASSED [ 31%]
tests/test_config.py::TestFilesParsing::test_format_inference_from_extension PASSED [ 31%]
tests/test_config.py::TestValidationsParsing::test_parse_validation_with_params PASSED [ 31%]
tests/test_config.py::TestValidationsParsing::test_parse_validation_without_severity_defaults_to_error PASSED [ 31%]
tests/test_config.py::TestValidationsParsing::test_parse_validation_with_invalid_severity_raises_error PASSED [ 31%]
tests/test_config.py::TestValidationsParsing::test_parse_validation_missing_type_raises_error PASSED [ 32%]
tests/test_config.py::TestConfigMethods::test_get_file_by_name PASSED    [ 32%]
tests/test_config.py::TestConfigMethods::test_get_file_by_name_not_found_raises_error PASSED [ 32%]
tests/test_config.py::TestConfigMethods::test_to_dict PASSED             [ 32%]
tests/test_cross_file_advanced.py::TestCrossFileKeyCheckExactMatch::test_all_keys_valid FAILED [ 32%]
tests/test_cross_file_advanced.py::TestCrossFileKeyCheckExactMatch::test_invalid_keys_detected FAILED [ 33%]
tests/test_cross_file_advanced.py::TestCrossFileKeyCheckExactMatch::test_null_handling_disallowed PASSED [ 33%]
tests/test_cross_file_advanced.py::TestCrossFileKeyCheckExactMatch::test_null_handling_allowed FAILED [ 33%]
tests/test_cross_file_advanced.py::TestCrossFileKeyCheckExactMatch::test_composite_keys PASSED [ 33%]
tests/test_cross_file_advanced.py::TestCrossFileKeyCheckOverlap::test_sufficient_overlap_passes FAILED [ 33%]
tests/test_cross_file_advanced.py::TestCrossFileKeyCheckOverlap::test_insufficient_overlap_fails FAILED [ 33%]
tests/test_cross_file_advanced.py::TestCrossFileKeyCheckOverlap::test_default_min_overlap FAILED [ 34%]
tests/test_cross_file_advanced.py::TestCrossFileKeyCheckSubset::test_valid_subset FAILED [ 34%]
tests/test_cross_file_advanced.py::TestCrossFileKeyCheckSubset::test_invalid_subset PASSED [ 34%]
tests/test_cross_file_advanced.py::TestCrossFileKeyCheckSuperset::test_valid_superset FAILED [ 34%]
tests/test_cross_file_advanced.py::TestCrossFileKeyCheckSuperset::test_invalid_superset FAILED [ 34%]
tests/test_cross_file_advanced.py::TestCrossFileKeyCheckErrors::test_missing_reference_file FAILED [ 35%]
tests/test_cross_file_advanced.py::TestCrossFileKeyCheckErrors::test_missing_foreign_key_column FAILED [ 35%]
tests/test_cross_file_advanced.py::TestCrossFileKeyCheckErrors::test_invalid_check_mode PASSED [ 35%]
tests/test_cross_file_advanced.py::TestCrossFileKeyCheckErrors::test_missing_required_params PASSED [ 35%]
tests/test_cross_file_advanced.py::TestCrossFileKeyCheckFormats::test_parquet_reference_file FAILED [ 35%]
tests/test_cross_file_validations.py::TestReferentialIntegrityCheck::test_valid_foreign_keys PASSED [ 35%]
tests/test_cross_file_validations.py::TestReferentialIntegrityCheck::test_invalid_foreign_keys PASSED [ 36%]
tests/test_cross_file_validations.py::TestReferentialIntegrityCheck::test_null_foreign_keys_not_allowed PASSED [ 36%]
tests/test_cross_file_validations.py::TestReferentialIntegrityCheck::test_null_foreign_keys_allowed PASSED [ 36%]
tests/test_cross_file_validations.py::TestReferentialIntegrityCheck::test_missing_reference_file PASSED [ 36%]
tests/test_cross_file_validations.py::TestCrossFileComparisonCheck::test_count_comparison_equal PASSED [ 36%]
tests/test_cross_file_validations.py::TestCrossFileComparisonCheck::test_sum_comparison_with_tolerance PASSED [ 37%]
tests/test_cross_file_validations.py::TestCrossFileComparisonCheck::test_comparison_greater_than PASSED [ 37%]
tests/test_cross_file_validations.py::TestCrossFileDuplicateCheck::test_no_duplicates_across_files PASSED [ 37%]
tests/test_cross_file_validations.py::TestCrossFileDuplicateCheck::test_duplicates_found PASSED [ 37%]
tests/test_cross_file_validations.py::TestCrossFileDuplicateCheck::test_composite_key_duplicates PASSED [ 37%]
tests/test_cross_file_validations.py::TestCrossFileValidationIntegration::test_full_order_validation_workflow PASSED [ 37%]
tests/test_cross_file_validations.py::test_cross_file_validation_description PASSED [ 38%]
tests/test_database_integration.py::TestDatabaseLoaderBasics::test_database_loader_creation PASSED [ 38%]
tests/test_database_integration.py::TestDatabaseLoaderBasics::test_database_loader_chunks PASSED [ 38%]
tests/test_database_integration.py::TestDatabaseLoaderBasics::test_database_loader_row_count PASSED [ 38%]
tests/test_database_integration.py::TestValidationFileVsDatabase::test_mandatory_field_check_database PASSED [ 38%]
tests/test_database_integration.py::TestValidationFileVsDatabase::test_mandatory_field_check_csv PASSED [ 38%]
tests/test_database_integration.py::TestValidationFileVsDatabase::test_completeness_check_database PASSED [ 39%]
tests/test_database_integration.py::TestValidationFileVsDatabase::test_unique_key_check_database PASSED [ 39%]
tests/test_database_integration.py::TestSourceCompatibility::test_loader_knows_source_compatibility PASSED [ 39%]
tests/test_database_integration.py::TestSourceCompatibility::test_get_database_compatible_validations PASSED [ 39%]
tests/test_database_integration.py::TestSourceCompatibility::test_compatibility_summary PASSED [ 39%]
tests/test_database_integration.py::TestDatabaseOnlyValidations::test_sql_custom_check_exists PASSED [ 40%]
tests/test_database_integration.py::TestDatabaseOnlyValidations::test_database_referential_integrity_exists PASSED [ 40%]
tests/test_database_integration.py::TestDatabaseOnlyValidations::test_database_constraint_check_exists PASSED [ 40%]
tests/test_database_profiling_json.py::TestDatabaseProfilingJSON::test_database_profile_json_serializable PASSED [ 40%]
tests/test_database_profiling_json.py::TestDatabaseProfilingJSON::test_database_profile_to_json_file PASSED [ 40%]
tests/test_database_profiling_json.py::TestDatabaseProfilingJSON::test_column_statistics_json_serializable PASSED [ 40%]
tests/test_database_validations.py::TestSQLCustomCheck::test_sql_custom_find_violations PASSED [ 41%]
tests/test_database_validations.py::TestSQLCustomCheck::test_sql_custom_no_violations PASSED [ 41%]
tests/test_database_validations.py::TestSQLCustomCheck::test_sql_custom_missing_connection_string PASSED [ 41%]
tests/test_database_validations.py::TestSQLCustomCheck::test_sql_custom_invalid_query PASSED [ 41%]
tests/test_database_validations.py::TestDatabaseReferentialIntegrityCheck::test_referential_integrity_violations PASSED [ 41%]
tests/test_database_validations.py::TestDatabaseReferentialIntegrityCheck::test_referential_integrity_all_valid PASSED [ 42%]
tests/test_database_validations.py::TestDatabaseReferentialIntegrityCheck::test_referential_integrity_missing_params PASSED [ 42%]
tests/test_database_validations.py::TestDatabaseConstraintCheck::test_constraint_check_age_violations PASSED [ 42%]
tests/test_database_validations.py::TestDatabaseConstraintCheck::test_constraint_check_no_violations PASSED [ 42%]
tests/test_database_validations.py::TestDatabaseConstraintCheck::test_constraint_check_missing_params PASSED [ 42%]
tests/test_database_validations.py::TestDatabaseValidationsIntegration::test_combined_database_checks PASSED [ 42%]
tests/test_engine.py::TestEngineInitialization::test_engine_init_with_config_object FAILED [ 43%]
tests/test_engine.py::TestEngineInitialization::test_engine_from_config_file PASSED [ 43%]
tests/test_engine.py::TestEngineInitialization::test_engine_from_invalid_config_raises_error PASSED [ 43%]
tests/test_engine.py::TestEngineExecution::test_run_basic_validation FAILED [ 43%]
tests/test_engine.py::TestEngineExecution::test_run_with_verbose_output PASSED [ 43%]
tests/test_engine.py::TestEngineExecution::test_run_multiple_files PASSED [ 44%]
tests/test_engine.py::TestEngineExecution::test_run_with_failing_validation PASSED [ 44%]
tests/test_engine.py::TestReportGeneration::test_generate_html_report PASSED [ 44%]
tests/test_engine.py::TestReportGeneration::test_generate_json_report FAILED [ 44%]
tests/test_engine.py::TestReportGeneration::test_generate_both_reports PASSED [ 44%]
tests/test_engine.py::TestEngineErrorHandling::test_missing_data_file FAILED [ 44%]
tests/test_engine.py::TestEngineErrorHandling::test_invalid_validation_type FAILED [ 45%]
tests/test_engine.py::TestEngineIntegration::test_complete_workflow_csv FAILED [ 45%]
tests/test_engine.py::TestEngineIntegration::test_workflow_with_chunking FAILED [ 45%]
tests/test_field_validations.py::TestMandatoryFieldCheck::test_all_fields_present FAILED [ 45%]
tests/test_field_validations.py::TestMandatoryFieldCheck::test_missing_values_detected FAILED [ 45%]
tests/test_field_validations.py::TestMandatoryFieldCheck::test_empty_strings_as_missing FAILED [ 46%]
tests/test_field_validations.py::TestMandatoryFieldCheck::test_nonexistent_field_raises_error FAILED [ 46%]
tests/test_field_validations.py::TestRegexCheck::test_email_pattern_validation FAILED [ 46%]
tests/test_field_validations.py::TestRegexCheck::test_invalid_email_detected FAILED [ 46%]
tests/test_field_validations.py::TestRegexCheck::test_phone_number_pattern FAILED [ 46%]
tests/test_field_validations.py::TestRegexCheck::test_postal_code_pattern FAILED [ 46%]
tests/test_field_validations.py::TestValidValuesCheck::test_all_values_in_list FAILED [ 47%]
tests/test_field_validations.py::TestValidValuesCheck::test_invalid_values_detected FAILED [ 47%]
tests/test_field_validations.py::TestValidValuesCheck::test_case_sensitive_validation FAILED [ 47%]
tests/test_field_validations.py::TestValidValuesCheck::test_numeric_valid_values FAILED [ 47%]
tests/test_field_validations.py::TestRangeCheck::test_values_within_range FAILED [ 47%]
tests/test_field_validations.py::TestRangeCheck::test_values_outside_range_detected FAILED [ 48%]
tests/test_field_validations.py::TestRangeCheck::test_min_value_only FAILED [ 48%]
tests/test_field_validations.py::TestRangeCheck::test_max_value_only FAILED [ 48%]
tests/test_field_validations.py::TestRangeCheck::test_boundary_values FAILED [ 48%]
tests/test_field_validations.py::TestDateFormatCheck::test_valid_date_format FAILED [ 48%]
tests/test_field_validations.py::TestDateFormatCheck::test_invalid_date_format_detected FAILED [ 48%]
tests/test_field_validations.py::TestDateFormatCheck::test_us_date_format FAILED [ 49%]
tests/test_field_validations.py::TestDateFormatCheck::test_datetime_format FAILED [ 49%]
tests/test_field_validations.py::TestStringLengthCheck::test_strings_within_length_range FAILED [ 49%]
tests/test_field_validations.py::TestStringLengthCheck::test_strings_too_short_detected FAILED [ 49%]
tests/test_field_validations.py::TestStringLengthCheck::test_strings_too_long_detected FAILED [ 49%]
tests/test_field_validations.py::TestNumericPrecisionCheck::test_correct_decimal_places FAILED [ 50%]
tests/test_field_validations.py::TestNumericPrecisionCheck::test_excessive_decimals_detected FAILED [ 50%]
tests/test_field_validations.py::TestNumericPrecisionCheck::test_integers_pass_precision_check FAILED [ 50%]
tests/test_file_validations.py::TestEmptyFileCheck::test_non_empty_file_passes FAILED [ 50%]
tests/test_file_validations.py::TestEmptyFileCheck::test_empty_dataframe_fails FAILED [ 50%]
tests/test_file_validations.py::TestEmptyFileCheck::test_dataframe_with_headers_only FAILED [ 50%]
tests/test_file_validations.py::TestEmptyFileCheck::test_single_row_file_passes FAILED [ 51%]
tests/test_file_validations.py::TestRowCountRangeCheck::test_row_count_within_range FAILED [ 51%]
tests/test_file_validations.py::TestRowCountRangeCheck::test_row_count_below_minimum FAILED [ 51%]
tests/test_file_validations.py::TestRowCountRangeCheck::test_row_count_above_maximum FAILED [ 51%]
tests/test_file_validations.py::TestRowCountRangeCheck::test_row_count_at_boundaries FAILED [ 51%]
tests/test_file_validations.py::TestRowCountRangeCheck::test_min_rows_only FAILED [ 51%]
tests/test_file_validations.py::TestRowCountRangeCheck::test_max_rows_only FAILED [ 52%]
tests/test_file_validations.py::TestRowCountRangeCheck::test_empty_file_fails_min_rows FAILED [ 52%]
tests/test_file_validations.py::TestFileSizeCheck::test_file_size_within_limit FAILED [ 52%]
tests/test_file_validations.py::TestFileSizeCheck::test_file_size_exceeds_limit FAILED [ 52%]
tests/test_file_validations.py::TestFileSizeCheck::test_file_size_megabytes FAILED [ 52%]
tests/test_file_validations.py::TestFileSizeCheck::test_zero_byte_file FAILED [ 53%]
tests/test_file_validations.py::TestFileValidationsIntegration::test_combined_file_validations FAILED [ 53%]
tests/test_file_validations.py::TestFileValidationsIntegration::test_large_file_validation FAILED [ 53%]
tests/test_inline_validations.py::TestInlineRegexCheck::test_inline_regex_pattern_match PASSED [ 53%]
tests/test_inline_validations.py::TestInlineRegexCheck::test_inline_regex_uk_postcode PASSED [ 53%]
tests/test_inline_validations.py::TestInlineRegexCheck::test_inline_regex_should_not_match PASSED [ 53%]
tests/test_inline_validations.py::TestInlineRegexCheck::test_inline_regex_us_ssn_format PASSED [ 54%]
tests/test_inline_validations.py::TestInlineRegexCheck::test_inline_regex_invalid_pattern PASSED [ 54%]
tests/test_inline_validations.py::TestInlineRegexCheck::test_inline_regex_missing_field PASSED [ 54%]
tests/test_inline_validations.py::TestInlineBusinessRuleCheck::test_business_rule_age_minimum PASSED [ 54%]
tests/test_inline_validations.py::TestInlineBusinessRuleCheck::test_business_rule_amount_range PASSED [ 54%]
tests/test_inline_validations.py::TestInlineBusinessRuleCheck::test_business_rule_conditional_logic PASSED [ 55%]
tests/test_inline_validations.py::TestInlineBusinessRuleCheck::test_business_rule_all_pass PASSED [ 55%]
tests/test_inline_validations.py::TestInlineBusinessRuleCheck::test_business_rule_no_rule_specified PASSED [ 55%]
tests/test_inline_validations.py::TestInlineLookupCheck::test_lookup_allow_valid_countries PASSED [ 55%]
tests/test_inline_validations.py::TestInlineLookupCheck::test_lookup_deny_blocked_domains PASSED [ 55%]
tests/test_inline_validations.py::TestInlineLookupCheck::test_lookup_product_codes_all_valid PASSED [ 55%]
tests/test_inline_validations.py::TestInlineLookupCheck::test_lookup_missing_field PASSED [ 56%]
tests/test_inline_validations.py::TestInlineLookupCheck::test_lookup_no_reference_values PASSED [ 56%]
tests/test_inline_validations.py::TestInlineValidationsIntegration::test_combined_inline_checks PASSED [ 56%]
tests/test_integration.py::TestEndToEndValidation::test_full_validation_workflow PASSED [ 56%]
tests/test_integration.py::TestEndToEndValidation::test_validation_with_failures FAILED [ 56%]
tests/test_integration.py::TestEndToEndValidation::test_validation_all_passing FAILED [ 57%]
tests/test_integration.py::TestEndToEndValidation::test_multiple_files_validation PASSED [ 57%]
tests/test_integration.py::TestEndToEndValidation::test_report_generation PASSED [ 57%]
tests/test_integration.py::TestConfigIntegration::test_config_with_all_options PASSED [ 57%]
tests/test_integration.py::TestLargeDatasetIntegration::test_chunked_processing FAILED [ 57%]
tests/test_large_dataset_e2e.py::TestLargeDatasetEndToEnd::test_01_dataset_availability PASSED [ 57%]
tests/test_large_dataset_e2e.py::TestLargeDatasetEndToEnd::test_02_profile_large_dataset 